\BOOKMARK [0][-]{chapter*.5}{\376\377\000S\000y\000m\000b\000o\000l\000e\000s\000\040\000e\000t\000\040\000a\000b\000r\000\351\000v\000i\000a\000t\000i\000o\000n\000s}{}% 1
\BOOKMARK [0][-]{chapter.1}{\376\377\000P\000r\000\351\000l\000i\000m\000i\000n\000a\000i\000r\000e\000\040\000s\000u\000r\000\040\000l\000'\000a\000n\000a\000l\000y\000s\000e\000\040\000d\000e\000s\000\040\000s\000y\000s\000t\000\350\000m\000e\000\040\000d\000i\000f\000f\000\351\000r\000e\000n\000t\000i\000e\000l\000\040\000d\000\351\000t\000e\000r\000m\000i\000n\000i\000s\000t\000e}{}% 2
\BOOKMARK [1][-]{section.1.1}{\376\377\000\311\000q\000u\000a\000t\000i\000o\000n\000s\000\040\000d\000i\000f\000f\000\351\000r\000e\000n\000t\000i\000e\000l\000l\000e\000s\000\040\000o\000r\000d\000i\000n\000a\000i\000r\000e\000s\000\040}{chapter.1}% 3
\BOOKMARK [2][-]{subsection.1.1.1}{\376\377\000E\000x\000i\000s\000t\000e\000n\000c\000e\000\040\000e\000t\000\040\000u\000n\000i\000c\000i\000t\000\351\000\040\000d\000e\000\040\000l\000a\000\040\000s\000o\000l\000u\000t\000i\000o\000n}{section.1.1}% 4
\BOOKMARK [2][-]{subsection.1.1.2}{\376\377\000N\000o\000t\000i\000o\000n\000s\000\040\000d\000e\000\040\000s\000t\000a\000b\000i\000l\000i\000t\000\351\000\040}{section.1.1}% 5
\BOOKMARK [0][-]{chapter.2}{\376\377\000M\000o\000d\000\350\000l\000e\000\040\000d\000u\000\040\000c\000h\000\351\000m\000o\000s\000t\000a\000t\000\040\000d\000\351\000t\000e\000r\000m\000i\000n\000i\000s\000t\000e}{}% 6
\BOOKMARK [1][-]{section.2.1}{\376\377\000\311\000q\000u\000a\000t\000i\000o\000n\000\040\000d\000e\000\040\000c\000h\000\351\000m\000o\000s\000t\000a\000t}{chapter.2}% 7
\BOOKMARK [1][-]{section.2.2}{\376\377\000P\000r\000o\000p\000r\000i\000\351\000t\000\351\000s\000\040\000m\000a\000t\000h\000\351\000m\000a\000t\000i\000q\000u\000e\000s\000\040\000d\000u\000\040\000m\000o\000d\000\350\000l\000e}{chapter.2}% 8
\BOOKMARK [2][-]{subsection.2.2.1}{\376\377\000E\000x\000i\000s\000t\000e\000n\000c\000e\000\040\000e\000t\000\040\000u\000n\000i\000c\000i\000t\000\351\000\040\000d\000e\000\040\000l\000a\000\040\000s\000o\000l\000u\000t\000i\000o\000n\000\040\000p\000o\000s\000i\000t\000i\000v\000e}{section.2.2}% 9
\BOOKMARK [2][-]{subsection.2.2.2}{\376\377\000L\000e\000\040\000t\000a\000u\000x\000\040\000d\000e\000\040\000c\000r\000o\000i\000s\000s\000a\000n\000c\000e\000\040\000d\000e\000\040\000b\000i\000o\000m\000a\000s\000s\000e\000\040\000\040\000e\000s\000t\000\040\000s\000t\000r\000i\000c\000t\000e\000m\000e\000n\000t\000\040\000c\000r\000o\000i\000s\000s\000a\000n\000t\000.}{section.2.2}% 10
\BOOKMARK [2][-]{subsection.2.2.3}{\376\377\000L\000e\000\040\000t\000a\000u\000x\000\040\000d\000e\000\040\000c\000r\000o\000i\000s\000s\000a\000n\000c\000e\000\040\000d\000e\000\040\000b\000i\000o\000m\000a\000s\000s\000e\000\040\000\040\000n\000'\000e\000s\000t\000\040\000p\000a\000s\000\040\000s\000t\000r\000i\000c\000t\000e\000m\000e\000n\000t\000\040\000m\000o\000n\000o\000t\000o\000n\000e}{section.2.2}% 11
\BOOKMARK [1][-]{section.2.3}{\376\377\000D\000i\000a\000g\000r\000a\000m\000m\000e\000s\000\040\000o\000p\000\351\000r\000a\000t\000o\000i\000r\000e\000s}{chapter.2}% 12
\BOOKMARK [1][-]{section.2.4}{\376\377\000P\000r\000\351\000s\000e\000n\000c\000e\000\040\000d\000e\000\040\000b\000i\000o\000m\000a\000s\000s\000e\000\040\000d\000a\000n\000s\000\040\000l\000'\000a\000l\000i\000m\000e\000n\000t\000a\000t\000i\000o\000n}{chapter.2}% 13
\BOOKMARK [0][-]{chapter.3}{\376\377\000P\000r\000\351\000l\000i\000m\000i\000n\000a\000i\000r\000e\000\040\000s\000u\000r\000\040\000l\000e\000s\000\040\000s\000y\000s\000t\000\350\000m\000e\000s\000\040\000d\000i\000f\000f\000\351\000r\000e\000n\000t\000i\000e\000l\000s\000\040\000s\000t\000o\000c\000h\000a\000s\000t\000i\000q\000u\000e\000s}{}% 14
\BOOKMARK [1][-]{section.3.1}{\376\377\000P\000r\000o\000c\000e\000s\000s\000u\000s\000\040\000s\000t\000o\000c\000h\000a\000s\000t\000i\000q\000u\000e\000\040\000e\000t\000\040\000m\000o\000u\000v\000e\000m\000e\000n\000t\000\040\000b\000r\000o\000w\000n\000i\000e\000n}{chapter.3}% 15
\BOOKMARK [2][-]{subsection.3.1.1}{\376\377\000I\000n\000t\000r\000o\000d\000u\000c\000t\000i\000o\000n}{section.3.1}% 16
\BOOKMARK [2][-]{subsection.3.1.2}{\376\377\000N\000o\000t\000i\000o\000n\000\040\000d\000e\000\040\000t\000e\000m\000p\000s\000\040\000d\000'\000a\000r\000r\000\352\000t\000\040\000d\000'\000u\000n\000\040\000p\000r\000o\000c\000e\000s\000s\000u\000s}{section.3.1}% 17
\BOOKMARK [1][-]{section.3.2}{\376\377\000N\000o\000t\000i\000o\000n\000\040\000s\000u\000r\000\040\000l\000e\000\040\000c\000a\000l\000c\000u\000l\000\040\000s\000t\000o\000c\000h\000a\000s\000t\000i\000q\000u\000e\000\040\000d\000'\000I\000t\000\364}{chapter.3}% 18
\BOOKMARK [2][-]{subsection.3.2.1}{\376\377\000L\000'\000i\000n\000t\000\351\000g\000r\000a\000l\000e\000\040\000s\000t\000o\000c\000h\000a\000s\000t\000i\000q\000u\000e\000\040\000e\000t\000\040\000f\000o\000r\000m\000u\000l\000e\000\040\000d\000'\000I\000t\000\364\000\040}{section.3.2}% 19
\BOOKMARK [2][-]{subsection.3.2.2}{\376\377\000\311\000q\000u\000a\000t\000i\000o\000n\000\040\000D\000i\000f\000f\000\351\000r\000e\000n\000t\000i\000e\000l\000l\000e\000\040\000S\000t\000o\000c\000h\000a\000s\000t\000i\000q\000u\000e}{section.3.2}% 20
\BOOKMARK [0][-]{chapter.4}{\376\377\000M\000o\000d\000\350\000l\000e\000\040\000d\000u\000\040\000c\000h\000\351\000m\000o\000s\000t\000a\000t\000\040\000s\000t\000o\000c\000h\000a\000s\000t\000i\000q\000u\000e\000\040}{}% 21
\BOOKMARK [1][-]{section.4.1}{\376\377\000P\000r\000e\000m\000i\000\350\000r\000e\000\040\000c\000o\000n\000s\000t\000r\000u\000c\000t\000i\000o\000n\000\040\000d\000u\000\040\000m\000o\000d\000\350\000l\000e\000\040\000s\000t\000o\000c\000h\000a\000s\000t\000i\000q\000u\000e}{chapter.4}% 22
\BOOKMARK [2][-]{subsection.4.1.1}{\376\377\000E\000x\000i\000s\000t\000e\000n\000c\000e\000\040\000e\000t\000\040\000u\000n\000i\000c\000i\000t\000\351\000\040\000d\000e\000\040\000l\000a\000\040\000s\000o\000l\000u\000t\000i\000o\000n\000\040\000p\000o\000s\000i\000t\000i\000v\000e}{section.4.1}% 23
\BOOKMARK [2][-]{subsection.4.1.2}{\376\377\000E\000x\000t\000i\000n\000c\000t\000i\000o\000n\000\040\000d\000e\000\040\000l\000a\000\040\000b\000i\000o\000m\000a\000s\000s\000e}{section.4.1}% 24
\BOOKMARK [2][-]{subsection.4.1.3}{\376\377\000D\000i\000s\000t\000r\000i\000b\000u\000t\000i\000o\000n\000\040\000s\000t\000a\000t\000i\000o\000n\000n\000a\000i\000r\000e\000\040\000e\000t\000\040\000e\000r\000g\000o\000d\000i\000c\000i\000t\000\351}{section.4.1}% 25
\BOOKMARK [0][-]{chapter.5}{\376\377\000S\000i\000m\000u\000l\000a\000t\000i\000o\000n\000\040\000d\000\351\000t\000e\000r\000m\000i\000n\000i\000s\000t\000e\000\040\000e\000t\000\040\000s\000t\000o\000c\000h\000a\000s\000t\000i\000q\000u\000e}{}% 26
\BOOKMARK [1][-]{section.5.1}{\376\377\000A\000p\000p\000l\000i\000c\000a\000t\000i\000o\000n\000\040\000n\000u\000m\000\351\000r\000i\000q\000u\000e\000\040\000d\000u\000\040\000p\000r\000e\000m\000i\000\350\000r\000e\000\040\000m\000o\000d\000\350\000l\000e\000\040\000s\000t\000o\000c\000h\000a\000s\000t\000i\000q\000u\000e}{chapter.5}% 27
\BOOKMARK [0][-]{chapter.6}{\376\377\000D\000e\000u\000x\000i\000\350\000m\000e\000\040\000c\000o\000n\000s\000t\000r\000u\000c\000t\000i\000o\000n\000\040\000d\000u\000\040\000m\000o\000d\000\350\000l\000e\000\040\000s\000t\000o\000c\000h\000a\000s\000t\000i\000q\000u\000e}{}% 28
\BOOKMARK [1][-]{section.6.1}{\376\377\000E\000x\000i\000s\000t\000e\000n\000c\000e\000\040\000e\000t\000\040\000u\000n\000i\000c\000i\000t\000\351\000\040\000d\000e\000\040\000l\000a\000\040\000s\000o\000l\000u\000t\000i\000o\000n\000\040}{chapter.6}% 29
\BOOKMARK [1][-]{section.6.2}{\376\377\000A\000p\000p\000l\000i\000c\000a\000t\000i\000o\000n\000\040\000n\000u\000m\000\351\000r\000i\000q\000u\000e\000\040}{chapter.6}% 30
\BOOKMARK [0][-]{chapter*.18}{\376\377\000B\000i\000b\000l\000i\000o\000g\000r\000a\000p\000h\000i\000e}{}% 31
